[debug] [2020-07-30T16:18:41.472Z] ----------------------------------------------------------------------
[debug] [2020-07-30T16:18:41.474Z] Command:       C:\Program Files\nodejs\node.exe C:\Users\soggy\AppData\Roaming\npm\node_modules\firebase-tools\lib\bin\firebase.js init
[debug] [2020-07-30T16:18:41.474Z] CLI Version:   8.6.0
[debug] [2020-07-30T16:18:41.474Z] Platform:      win32
[debug] [2020-07-30T16:18:41.474Z] Node Version:  v12.16.1
[debug] [2020-07-30T16:18:41.475Z] Time:          Thu Jul 30 2020 09:18:41 GMT-0700 (Pacific Daylight Time)
[debug] [2020-07-30T16:18:41.475Z] ----------------------------------------------------------------------
[debug] [2020-07-30T16:18:41.475Z] 
[debug] [2020-07-30T16:18:41.481Z] > command requires scopes: ["email","openid","https://www.googleapis.com/auth/cloudplatformprojects.readonly","https://www.googleapis.com/auth/firebase","https://www.googleapis.com/auth/cloud-platform"]
[debug] [2020-07-30T16:18:41.481Z] > authorizing via signed-in user
[info] 
     ######## #### ########  ######## ########     ###     ######  ########
     ##        ##  ##     ## ##       ##     ##  ##   ##  ##       ##
     ######    ##  ########  ######   ########  #########  ######  ######
     ##        ##  ##    ##  ##       ##     ## ##     ##       ## ##
     ##       #### ##     ## ######## ########  ##     ##  ######  ########

You're about to initialize a Firebase project in this directory:

  D:\React Projects\youtube clone\youtube-clone

[info] 
=== Project Setup
[info] 
[info] First, let's associate this project directory with a Firebase project.
[info] You can create multiple project aliases by running firebase use --add, 
[info] but for now we'll just set up a default project.
[info] 
[debug] [2020-07-30T16:18:49.095Z] >>> HTTP REQUEST GET https://firebase.googleapis.com/v1beta1/projects?pageSize=100  
 
[debug] [2020-07-30T16:18:49.395Z] <<< HTTP RESPONSE 200 {"content-type":"application/json; charset=UTF-8","vary":"X-Origin, Referer, Origin,Accept-Encoding","date":"Thu, 30 Jul 2020 16:18:47 GMT","server":"ESF","cache-control":"private","x-xss-protection":"0","x-frame-options":"SAMEORIGIN","x-content-type-options":"nosniff","alt-svc":"h3-29=\":443\"; ma=2592000,h3-27=\":443\"; ma=2592000,h3-T050=\":443\"; ma=2592000,h3-Q050=\":443\"; ma=2592000,h3-Q046=\":443\"; ma=2592000,h3-Q043=\":443\"; ma=2592000,quic=\":443\"; ma=2592000; v=\"46,43\"","accept-ranges":"none","transfer-encoding":"chunked"}
